2020-09-07 14:52:18.473  INFO 11068 --- [main] com.example.demo.DemoApplication         : Starting DemoApplication on DESKTOP-F0FHUAA with PID 11068 (C:\Users\PC\Desktop\REACTJS_SPRING_BOOT\SpringAuthen\target\classes started by PC in C:\Users\PC\Desktop\REACTJS_SPRING_BOOT\SpringAuthen)
2020-09-07 14:52:18.550  INFO 11068 --- [main] com.example.demo.DemoApplication         : No active profile set, falling back to default profiles: default
2020-09-07 14:52:20.553  INFO 11068 --- [main] .s.d.r.c.RepositoryConfigurationDelegate : Bootstrapping Spring Data repositories in DEFAULT mode.
2020-09-07 14:52:20.815  INFO 11068 --- [main] .s.d.r.c.RepositoryConfigurationDelegate : Finished Spring Data repository scanning in 201ms. Found 1 repository interfaces.
2020-09-07 14:52:21.630  INFO 11068 --- [main] trationDelegate$BeanPostProcessorChecker : Bean 'org.springframework.transaction.annotation.ProxyTransactionManagementConfiguration' of type [org.springframework.transaction.annotation.ProxyTransactionManagementConfiguration$$EnhancerBySpringCGLIB$$f52ef3fd] is not eligible for getting processed by all BeanPostProcessors (for example: not eligible for auto-proxying)
2020-09-07 14:52:22.580  INFO 11068 --- [main] o.s.b.w.embedded.tomcat.TomcatWebServer  : Tomcat initialized with port(s): 8080 (http)
2020-09-07 14:52:22.617  INFO 11068 --- [main] o.apache.catalina.core.StandardService   : Starting service [Tomcat]
2020-09-07 14:52:22.618  INFO 11068 --- [main] org.apache.catalina.core.StandardEngine  : Starting Servlet engine: [Apache Tomcat/9.0.14]
2020-09-07 14:52:22.630  INFO 11068 --- [main] o.a.catalina.core.AprLifecycleListener   : The APR based Apache Tomcat Native library which allows optimal performance in production environments was not found on the java.library.path: [C:\Program Files\Java\jdk1.8.0_171\bin;C:\WINDOWS\Sun\Java\bin;C:\WINDOWS\system32;C:\WINDOWS;C:\Program Files (x86)\Common Files\Oracle\Java\javapath;C:\ProgramData\Oracle\Java\javapath;C:\Program Files (x86)\Common Files\Intel\Shared Files\cpp\bin\Intel64;C:\WINDOWS\system32;C:\WINDOWS;C:\WINDOWS\System32\Wbem;C:\WINDOWS\System32\WindowsPowerShell\v1.0\;C:\Program Files\Microsoft SQL Server\120\DTS\Binn\;C:\Program Files\Microsoft SQL Server\Client SDK\ODBC\110\Tools\Binn\;C:\Program Files (x86)\Microsoft SQL Server\120\Tools\Binn\;C:\Program Files\Microsoft SQL Server\120\Tools\Binn\;C:\Program Files (x86)\Microsoft SQL Server\120\Tools\Binn\ManagementStudio\;C:\Program Files (x86)\Microsoft SQL Server\120\DTS\Binn\;C:\WINDOWS\system32\config\systemprofile\.dnx\bin;C:\Program Files\Microsoft DNX\Dnvm\;C:\Program Files\Microsoft SQL Server\130\Tools\Binn\;C:\WINDOWS\System32\OpenSSH\;C:\Program Files\nodejs\;C:\Program Files\Git\cmd;C:\Go\bin;C:\Program Files\PuTTY\;C:\Users\PC\AppData\Local\Microsoft\WindowsApps;C:\Program Files (x86)\Nmap;C:\Users\PC\AppData\Roaming\npm;C:\Program Files\apache-maven-3.6.0\apache-maven\src\bin;C:\Program Files\Java\jdk1.8.0_171\bin;;C:\Users\PC\AppData\Local\Programs\Microsoft VS Code\bin;C:\Users\PC\go\bin;C:\Program Files (x86)\Sophos\Sophos SSL VPN Client\bin;.]
2020-09-07 14:52:22.813  INFO 11068 --- [main] o.a.c.c.C.[Tomcat].[localhost].[/]       : Initializing Spring embedded WebApplicationContext
2020-09-07 14:52:22.813  INFO 11068 --- [main] o.s.web.context.ContextLoader            : Root WebApplicationContext: initialization completed in 4064 ms
2020-09-07 14:52:23.379  INFO 11068 --- [main] com.zaxxer.hikari.HikariDataSource       : HikariPool-1 - Starting...
2020-09-07 14:52:26.746  INFO 11068 --- [main] com.zaxxer.hikari.HikariDataSource       : HikariPool-1 - Start completed.
2020-09-07 14:52:27.034  INFO 11068 --- [main] o.hibernate.jpa.internal.util.LogHelper  : HHH000204: Processing PersistenceUnitInfo [
	name: default
	...]
2020-09-07 14:52:27.352  INFO 11068 --- [main] org.hibernate.Version                    : HHH000412: Hibernate Core {5.3.7.Final}
2020-09-07 14:52:27.355  INFO 11068 --- [main] org.hibernate.cfg.Environment            : HHH000206: hibernate.properties not found
2020-09-07 14:52:28.065  INFO 11068 --- [main] o.hibernate.annotations.common.Version   : HCANN000001: Hibernate Commons Annotations {5.0.4.Final}
2020-09-07 14:52:28.529  INFO 11068 --- [main] org.hibernate.dialect.Dialect            : HHH000400: Using dialect: org.hibernate.dialect.MySQL5InnoDBDialect
2020-09-07 14:52:31.211  INFO 11068 --- [main] j.LocalContainerEntityManagerFactoryBean : Initialized JPA EntityManagerFactory for persistence unit 'default'
2020-09-07 14:52:32.837  INFO 11068 --- [main] o.s.s.concurrent.ThreadPoolTaskExecutor  : Initializing ExecutorService 'applicationTaskExecutor'
2020-09-07 14:52:33.121  WARN 11068 --- [main] aWebConfiguration$JpaWebMvcConfiguration : spring.jpa.open-in-view is enabled by default. Therefore, database queries may be performed during view rendering. Explicitly configure spring.jpa.open-in-view to disable this warning
2020-09-07 14:52:33.965  INFO 11068 --- [main] o.s.b.w.embedded.tomcat.TomcatWebServer  : Tomcat started on port(s): 8080 (http) with context path ''
2020-09-07 14:52:33.967  INFO 11068 --- [main] com.example.demo.DemoApplication         : Started DemoApplication in 16.436 seconds (JVM running for 17.451)
