2020-09-03 13:29:40.153  INFO 8596 --- [main] com.example.demo.DemoApplication         : Starting DemoApplication on DESKTOP-F0FHUAA with PID 8596 (C:\Users\PC\Desktop\REACTJS_SPRING_BOOT\SpringAuthen\target\classes started by PC in C:\Users\PC\Desktop\REACTJS_SPRING_BOOT\SpringAuthen)
2020-09-03 13:29:40.265  INFO 8596 --- [main] com.example.demo.DemoApplication         : No active profile set, falling back to default profiles: default
2020-09-03 13:29:45.734  INFO 8596 --- [main] .s.d.r.c.RepositoryConfigurationDelegate : Bootstrapping Spring Data repositories in DEFAULT mode.
2020-09-03 13:29:46.334  INFO 8596 --- [main] .s.d.r.c.RepositoryConfigurationDelegate : Finished Spring Data repository scanning in 564ms. Found 1 repository interfaces.
2020-09-03 13:29:48.243  INFO 8596 --- [main] trationDelegate$BeanPostProcessorChecker : Bean 'org.springframework.transaction.annotation.ProxyTransactionManagementConfiguration' of type [org.springframework.transaction.annotation.ProxyTransactionManagementConfiguration$$EnhancerBySpringCGLIB$$99400acf] is not eligible for getting processed by all BeanPostProcessors (for example: not eligible for auto-proxying)
2020-09-03 13:29:54.070  INFO 8596 --- [main] o.s.b.w.embedded.tomcat.TomcatWebServer  : Tomcat initialized with port(s): 8080 (http)
2020-09-03 13:29:54.903  INFO 8596 --- [main] o.apache.catalina.core.StandardService   : Starting service [Tomcat]
2020-09-03 13:29:54.904  INFO 8596 --- [main] org.apache.catalina.core.StandardEngine  : Starting Servlet engine: [Apache Tomcat/9.0.14]
2020-09-03 13:29:54.931  INFO 8596 --- [main] o.a.catalina.core.AprLifecycleListener   : The APR based Apache Tomcat Native library which allows optimal performance in production environments was not found on the java.library.path: [C:\Program Files\Java\jdk1.8.0_171\bin;C:\WINDOWS\Sun\Java\bin;C:\WINDOWS\system32;C:\WINDOWS;C:\Program Files (x86)\Common Files\Oracle\Java\javapath;C:\ProgramData\Oracle\Java\javapath;C:\Program Files (x86)\Common Files\Intel\Shared Files\cpp\bin\Intel64;C:\WINDOWS\system32;C:\WINDOWS;C:\WINDOWS\System32\Wbem;C:\WINDOWS\System32\WindowsPowerShell\v1.0\;C:\Program Files\Microsoft SQL Server\120\DTS\Binn\;C:\Program Files\Microsoft SQL Server\Client SDK\ODBC\110\Tools\Binn\;C:\Program Files (x86)\Microsoft SQL Server\120\Tools\Binn\;C:\Program Files\Microsoft SQL Server\120\Tools\Binn\;C:\Program Files (x86)\Microsoft SQL Server\120\Tools\Binn\ManagementStudio\;C:\Program Files (x86)\Microsoft SQL Server\120\DTS\Binn\;C:\WINDOWS\system32\config\systemprofile\.dnx\bin;C:\Program Files\Microsoft DNX\Dnvm\;C:\Program Files\Microsoft SQL Server\130\Tools\Binn\;C:\WINDOWS\System32\OpenSSH\;C:\Program Files\nodejs\;C:\Program Files\Git\cmd;C:\Go\bin;C:\Program Files\PuTTY\;C:\Users\PC\AppData\Local\Microsoft\WindowsApps;C:\Program Files (x86)\Nmap;C:\Users\PC\AppData\Roaming\npm;C:\Program Files\apache-maven-3.6.0\apache-maven\src\bin;C:\Program Files\Java\jdk1.8.0_171\bin;;C:\Users\PC\AppData\Local\Programs\Microsoft VS Code\bin;C:\Users\PC\go\bin;C:\Program Files (x86)\Sophos\Sophos SSL VPN Client\bin;.]
2020-09-03 13:29:56.014  INFO 8596 --- [main] o.a.c.c.C.[Tomcat].[localhost].[/]       : Initializing Spring embedded WebApplicationContext
2020-09-03 13:29:56.014  INFO 8596 --- [main] o.s.web.context.ContextLoader            : Root WebApplicationContext: initialization completed in 15442 ms
2020-09-03 13:29:58.066  INFO 8596 --- [main] com.zaxxer.hikari.HikariDataSource       : HikariPool-1 - Starting...
2020-09-03 13:30:04.045  INFO 8596 --- [main] com.zaxxer.hikari.HikariDataSource       : HikariPool-1 - Start completed.
2020-09-03 13:30:04.393  INFO 8596 --- [main] o.hibernate.jpa.internal.util.LogHelper  : HHH000204: Processing PersistenceUnitInfo [
	name: default
	...]
2020-09-03 13:30:05.670  INFO 8596 --- [main] org.hibernate.Version                    : HHH000412: Hibernate Core {5.3.7.Final}
2020-09-03 13:30:05.672  INFO 8596 --- [main] org.hibernate.cfg.Environment            : HHH000206: hibernate.properties not found
2020-09-03 13:30:09.412  INFO 8596 --- [main] o.hibernate.annotations.common.Version   : HCANN000001: Hibernate Commons Annotations {5.0.4.Final}
2020-09-03 13:30:09.977  INFO 8596 --- [main] org.hibernate.dialect.Dialect            : HHH000400: Using dialect: org.hibernate.dialect.MySQL5InnoDBDialect
2020-09-03 13:30:14.118  INFO 8596 --- [main] j.LocalContainerEntityManagerFactoryBean : Initialized JPA EntityManagerFactory for persistence unit 'default'
2020-09-03 13:30:16.024  INFO 8596 --- [main] o.s.s.concurrent.ThreadPoolTaskExecutor  : Initializing ExecutorService 'applicationTaskExecutor'
2020-09-03 13:30:16.230  WARN 8596 --- [main] aWebConfiguration$JpaWebMvcConfiguration : spring.jpa.open-in-view is enabled by default. Therefore, database queries may be performed during view rendering. Explicitly configure spring.jpa.open-in-view to disable this warning
2020-09-03 13:30:17.218  INFO 8596 --- [main] o.s.b.w.embedded.tomcat.TomcatWebServer  : Tomcat started on port(s): 8080 (http) with context path ''
2020-09-03 13:30:17.221  INFO 8596 --- [main] com.example.demo.DemoApplication         : Started DemoApplication in 40.376 seconds (JVM running for 48.77)
2020-09-03 13:39:26.647  INFO 8596 --- [http-nio-8080-exec-1] o.a.c.c.C.[Tomcat].[localhost].[/]       : Initializing Spring DispatcherServlet 'dispatcherServlet'
2020-09-03 13:39:26.649  INFO 8596 --- [http-nio-8080-exec-1] o.s.web.servlet.DispatcherServlet        : Initializing Servlet 'dispatcherServlet'
2020-09-03 13:39:26.775  INFO 8596 --- [http-nio-8080-exec-1] o.s.web.servlet.DispatcherServlet        : Completed initialization in 84 ms
2020-09-03 13:39:27.421  INFO 8596 --- [http-nio-8080-exec-1] c.e.d.application.services.UserServices  : hello test log
2020-09-03 13:39:29.447  INFO 8596 --- [http-nio-8080-exec-1] o.h.h.i.QueryTranslatorFactoryInitiator  : HHH000397: Using ASTQueryTranslatorFactory
2020-09-03 13:40:44.231  INFO 8596 --- [http-nio-8080-exec-3] c.e.d.application.services.UserServices  : hello test log
2020-09-03 13:47:55.971  INFO 8596 --- [http-nio-8080-exec-5] c.e.d.application.services.UserServices  : hello test log
2020-09-03 13:56:36.922  INFO 8596 --- [http-nio-8080-exec-7] c.e.d.application.services.UserServices  : hello test log
2020-09-03 14:37:21.052  WARN 8596 --- [HikariPool-1 housekeeper] com.zaxxer.hikari.pool.HikariPool        : HikariPool-1 - Thread starvation or clock leap detected (housekeeper delta=4m16s123ms177µs558ns).
